<?xml version="1.0" encoding="UTF-8"?>
<testng-results skipped="0" failed="0" total="4" passed="4">
  <reporter-output>
  </reporter-output>
  <suite name="Suite" duration-ms="8303" started-at="2017-03-07T02:28:43Z" finished-at="2017-03-07T02:28:52Z">
    <groups>
    </groups>
    <test name="Enrollment Test" duration-ms="8303" started-at="2017-03-07T02:28:43Z" finished-at="2017-03-07T02:28:52Z">
      <class name="test.enroll.Enroll_rule">
        <test-method status="PASS" signature="beforeTest(java.lang.String, java.lang.String)[pri:0, instance:test.enroll.Enroll_rule@73f792cf]" name="beforeTest" is-config="true" duration-ms="4045" started-at="2017-03-06T21:28:43Z" finished-at="2017-03-06T21:28:47Z">
          <params>
            <param index="0">
              <value>
                <![CDATA[chrome]]>
              </value>
            </param>
            <param index="1">
              <value>
                <![CDATA[http://clientcontracts.qa.fleet.ad]]>
              </value>
            </param>
          </params>
          <reporter-output>
          </reporter-output>
        </test-method> <!-- beforeTest -->
        <test-method status="PASS" signature="LoginEnrollment(java.lang.String, java.lang.String)[pri:0, instance:test.enroll.Enroll_rule@73f792cf]" name="LoginEnrollment" duration-ms="1457" started-at="2017-03-06T21:28:47Z" finished-at="2017-03-06T21:28:49Z">
          <params>
            <param index="0">
              <value>
                <![CDATA[CliCon1E]]>
              </value>
            </param>
            <param index="1">
              <value>
                <![CDATA[winter45]]>
              </value>
            </param>
          </params>
          <reporter-output>
          </reporter-output>
        </test-method> <!-- LoginEnrollment -->
        <test-method status="PASS" signature="NavigateToRule(java.lang.String)[pri:0, instance:test.enroll.Enroll_rule@73f792cf]" name="NavigateToRule" duration-ms="1311" started-at="2017-03-06T21:28:49Z" finished-at="2017-03-06T21:28:50Z">
          <params>
            <param index="0">
              <value>
                <![CDATA[0700]]>
              </value>
            </param>
          </params>
          <reporter-output>
          </reporter-output>
        </test-method> <!-- NavigateToRule -->
        <test-method status="PASS" signature="LogoutEnrollment()[pri:0, instance:test.enroll.Enroll_rule@73f792cf]" name="LogoutEnrollment" duration-ms="322" started-at="2017-03-06T21:28:50Z" finished-at="2017-03-06T21:28:51Z">
          <reporter-output>
          </reporter-output>
        </test-method> <!-- LogoutEnrollment -->
        <test-method status="PASS" signature="ValidateRule(java.lang.String)[pri:0, instance:test.enroll.Enroll_rule@73f792cf]" name="ValidateRule" duration-ms="0" started-at="2017-03-06T21:28:50Z" finished-at="2017-03-06T21:28:50Z">
          <params>
            <param index="0">
              <value>
                <![CDATA[Test Rule]]>
              </value>
            </param>
          </params>
          <reporter-output>
          </reporter-output>
        </test-method> <!-- ValidateRule -->
        <test-method status="PASS" signature="afterTest()[pri:0, instance:test.enroll.Enroll_rule@73f792cf]" name="afterTest" is-config="true" duration-ms="1149" started-at="2017-03-06T21:28:51Z" finished-at="2017-03-06T21:28:52Z">
          <reporter-output>
          </reporter-output>
        </test-method> <!-- afterTest -->
      </class> <!-- test.enroll.Enroll_rule -->
    </test> <!-- Enrollment Test -->
  </suite> <!-- Suite -->
</testng-results>
