<?xml version="1.0" encoding="UTF-8"?>
<testng-results skipped="0" failed="0" total="4" passed="4">
  <reporter-output>
  </reporter-output>
  <suite name="Suite" duration-ms="7863" started-at="2017-02-24T01:28:08Z" finished-at="2017-02-24T01:28:16Z">
    <groups>
    </groups>
    <test name="Enrollment Test" duration-ms="7863" started-at="2017-02-24T01:28:08Z" finished-at="2017-02-24T01:28:16Z">
      <class name="test.enroll.Enroll_rule">
        <test-method status="PASS" signature="beforeTest(java.lang.String, java.lang.String)[pri:0, instance:test.enroll.Enroll_rule@73f792cf]" name="beforeTest" is-config="true" duration-ms="4104" started-at="2017-02-23T20:28:08Z" finished-at="2017-02-23T20:28:12Z">
          <params>
            <param index="0">
              <value>
                <![CDATA[chrome]]>
              </value>
            </param>
            <param index="1">
              <value>
                <![CDATA[http://clientcontracts.qa.fleet.ad]]>
              </value>
            </param>
          </params>
          <reporter-output>
          </reporter-output>
        </test-method> <!-- beforeTest -->
        <test-method status="PASS" signature="LoginEnrollment(java.lang.String, java.lang.String)[pri:0, instance:test.enroll.Enroll_rule@73f792cf]" name="LoginEnrollment" duration-ms="1463" started-at="2017-02-23T20:28:12Z" finished-at="2017-02-23T20:28:14Z">
          <params>
            <param index="0">
              <value>
                <![CDATA[CliCon1E]]>
              </value>
            </param>
            <param index="1">
              <value>
                <![CDATA[winter45]]>
              </value>
            </param>
          </params>
          <reporter-output>
          </reporter-output>
        </test-method> <!-- LoginEnrollment -->
        <test-method status="PASS" signature="NavigateToRule(java.lang.String)[pri:0, instance:test.enroll.Enroll_rule@73f792cf]" name="NavigateToRule" duration-ms="803" started-at="2017-02-23T20:28:14Z" finished-at="2017-02-23T20:28:15Z">
          <params>
            <param index="0">
              <value>
                <![CDATA[0700]]>
              </value>
            </param>
          </params>
          <reporter-output>
          </reporter-output>
        </test-method> <!-- NavigateToRule -->
        <test-method status="PASS" signature="LogoutEnrollment()[pri:0, instance:test.enroll.Enroll_rule@73f792cf]" name="LogoutEnrollment" duration-ms="319" started-at="2017-02-23T20:28:15Z" finished-at="2017-02-23T20:28:15Z">
          <reporter-output>
          </reporter-output>
        </test-method> <!-- LogoutEnrollment -->
        <test-method status="PASS" signature="ValidateRule(java.lang.String)[pri:0, instance:test.enroll.Enroll_rule@73f792cf]" name="ValidateRule" duration-ms="0" started-at="2017-02-23T20:28:15Z" finished-at="2017-02-23T20:28:15Z">
          <params>
            <param index="0">
              <value>
                <![CDATA[Test Rule]]>
              </value>
            </param>
          </params>
          <reporter-output>
          </reporter-output>
        </test-method> <!-- ValidateRule -->
        <test-method status="PASS" signature="afterTest()[pri:0, instance:test.enroll.Enroll_rule@73f792cf]" name="afterTest" is-config="true" duration-ms="1154" started-at="2017-02-23T20:28:15Z" finished-at="2017-02-23T20:28:16Z">
          <reporter-output>
          </reporter-output>
        </test-method> <!-- afterTest -->
      </class> <!-- test.enroll.Enroll_rule -->
    </test> <!-- Enrollment Test -->
  </suite> <!-- Suite -->
</testng-results>
