<?xml version="1.0" encoding="UTF-8"?>
<testng-results skipped="0" failed="0" total="1" passed="1">
  <reporter-output>
  </reporter-output>
  <suite name="Suite" duration-ms="5348" started-at="2017-03-04T02:00:34Z" finished-at="2017-03-04T02:00:39Z">
    <groups>
    </groups>
    <test name="Google Search Test" duration-ms="5348" started-at="2017-03-04T02:00:34Z" finished-at="2017-03-04T02:00:39Z">
      <class name="test.google.GSearch">
        <test-method status="PASS" signature="beforeTest(java.lang.String, java.lang.String)[pri:0, instance:test.google.GSearch@79b4d0f]" name="beforeTest" is-config="true" duration-ms="4198" started-at="2017-03-03T21:00:34Z" finished-at="2017-03-03T21:00:38Z">
          <params>
            <param index="0">
              <value>
                <![CDATA[chrome]]>
              </value>
            </param>
            <param index="1">
              <value>
                <![CDATA[https://www.google.com]]>
              </value>
            </param>
          </params>
          <reporter-output>
          </reporter-output>
        </test-method> <!-- beforeTest -->
        <test-method status="PASS" signature="GoogleSearch(java.lang.String)[pri:0, instance:test.google.GSearch@79b4d0f]" name="GoogleSearch" duration-ms="1" started-at="2017-03-03T21:00:38Z" finished-at="2017-03-03T21:00:38Z">
          <params>
            <param index="0">
              <value>
                <![CDATA[Test NG]]>
              </value>
            </param>
          </params>
          <reporter-output>
          </reporter-output>
        </test-method> <!-- GoogleSearch -->
        <test-method status="PASS" signature="afterTest()[pri:0, instance:test.google.GSearch@79b4d0f]" name="afterTest" is-config="true" duration-ms="1145" started-at="2017-03-03T21:00:38Z" finished-at="2017-03-03T21:00:39Z">
          <reporter-output>
          </reporter-output>
        </test-method> <!-- afterTest -->
      </class> <!-- test.google.GSearch -->
    </test> <!-- Google Search Test -->
  </suite> <!-- Suite -->
</testng-results>
