<?xml version="1.0" encoding="UTF-8"?>
<testng-results skipped="0" failed="0" total="4" passed="4">
  <reporter-output>
  </reporter-output>
  <suite name="Suite" duration-ms="8375" started-at="2017-02-24T02:52:46Z" finished-at="2017-02-24T02:52:54Z">
    <groups>
    </groups>
    <test name="Enrollment Test" duration-ms="8375" started-at="2017-02-24T02:52:46Z" finished-at="2017-02-24T02:52:54Z">
      <class name="test.enroll.Enroll_rule">
        <test-method status="PASS" signature="beforeTest(java.lang.String, java.lang.String)[pri:0, instance:test.enroll.Enroll_rule@1d057a39]" name="beforeTest" is-config="true" duration-ms="4064" started-at="2017-02-23T21:52:46Z" finished-at="2017-02-23T21:52:50Z">
          <params>
            <param index="0">
              <value>
                <![CDATA[chrome]]>
              </value>
            </param>
            <param index="1">
              <value>
                <![CDATA[http://clientcontracts.qa.fleet.ad]]>
              </value>
            </param>
          </params>
          <reporter-output>
          </reporter-output>
        </test-method> <!-- beforeTest -->
        <test-method status="PASS" signature="LoginEnrollment(java.lang.String, java.lang.String)[pri:0, instance:test.enroll.Enroll_rule@1d057a39]" name="LoginEnrollment" duration-ms="1483" started-at="2017-02-23T21:52:50Z" finished-at="2017-02-23T21:52:51Z">
          <params>
            <param index="0">
              <value>
                <![CDATA[CliCon1E]]>
              </value>
            </param>
            <param index="1">
              <value>
                <![CDATA[winter45]]>
              </value>
            </param>
          </params>
          <reporter-output>
          </reporter-output>
        </test-method> <!-- LoginEnrollment -->
        <test-method status="PASS" signature="NavigateToRule(java.lang.String)[pri:0, instance:test.enroll.Enroll_rule@1d057a39]" name="NavigateToRule" duration-ms="1328" started-at="2017-02-23T21:52:51Z" finished-at="2017-02-23T21:52:52Z">
          <params>
            <param index="0">
              <value>
                <![CDATA[0700]]>
              </value>
            </param>
          </params>
          <reporter-output>
          </reporter-output>
        </test-method> <!-- NavigateToRule -->
        <test-method status="PASS" signature="ValidateRule(java.lang.String)[pri:0, instance:test.enroll.Enroll_rule@1d057a39]" name="ValidateRule" duration-ms="1" started-at="2017-02-23T21:52:52Z" finished-at="2017-02-23T21:52:52Z">
          <params>
            <param index="0">
              <value>
                <![CDATA[Test Rule]]>
              </value>
            </param>
          </params>
          <reporter-output>
          </reporter-output>
        </test-method> <!-- ValidateRule -->
        <test-method status="PASS" signature="LogoutEnrollment()[pri:0, instance:test.enroll.Enroll_rule@1d057a39]" name="LogoutEnrollment" duration-ms="323" started-at="2017-02-23T21:52:52Z" finished-at="2017-02-23T21:52:53Z">
          <reporter-output>
          </reporter-output>
        </test-method> <!-- LogoutEnrollment -->
        <test-method status="PASS" signature="afterTest()[pri:0, instance:test.enroll.Enroll_rule@1d057a39]" name="afterTest" is-config="true" duration-ms="1150" started-at="2017-02-23T21:52:53Z" finished-at="2017-02-23T21:52:54Z">
          <reporter-output>
          </reporter-output>
        </test-method> <!-- afterTest -->
      </class> <!-- test.enroll.Enroll_rule -->
    </test> <!-- Enrollment Test -->
  </suite> <!-- Suite -->
</testng-results>
